<?xml version="1.0" encoding="UTF-8"?>
<testsuite xmlns:xsi="http://www.w3.org/2001/XMLSchema-instance" xsi:noNamespaceSchemaLocation="https://maven.apache.org/surefire/maven-surefire-plugin/xsd/surefire-test-report.xsd" name="cucumberOptions.TestRunner" time="0.994" tests="50" errors="0" skipped="43" failures="0">
  <properties>
    <property name="sun.desktop" value="windows"/>
    <property name="awt.toolkit" value="sun.awt.windows.WToolkit"/>
    <property name="file.encoding.pkg" value="sun.io"/>
    <property name="java.specification.version" value="1.8"/>
    <property name="sun.cpu.isalist" value="amd64"/>
    <property name="sun.jnu.encoding" value="Cp1252"/>
    <property name="java.class.path" value="C:\Users\shobh\eclipse-workspace\CucumberProject\target\test-classes;C:\Users\shobh\eclipse-workspace\CucumberProject\target\classes;C:\Users\shobh\.m2\repository\info\cukes\cucumber-core\1.2.5\cucumber-core-1.2.5.jar;C:\Users\shobh\.m2\repository\info\cukes\cucumber-html\0.2.3\cucumber-html-0.2.3.jar;C:\Users\shobh\.m2\repository\info\cukes\cucumber-jvm-deps\1.0.5\cucumber-jvm-deps-1.0.5.jar;C:\Users\shobh\.m2\repository\info\cukes\gherkin\2.12.2\gherkin-2.12.2.jar;C:\Users\shobh\.m2\repository\info\cukes\cucumber-java\1.2.5\cucumber-java-1.2.5.jar;C:\Users\shobh\.m2\repository\junit\junit\4.12\junit-4.12.jar;C:\Users\shobh\.m2\repository\org\hamcrest\hamcrest-core\1.3\hamcrest-core-1.3.jar;C:\Users\shobh\.m2\repository\info\cukes\cucumber-junit\1.2.5\cucumber-junit-1.2.5.jar;"/>
    <property name="java.vm.vendor" value="Oracle Corporation"/>
    <property name="sun.arch.data.model" value="64"/>
    <property name="user.variant" value=""/>
    <property name="java.vendor.url" value="http://java.oracle.com/"/>
    <property name="user.timezone" value="Asia/Calcutta"/>
    <property name="java.vm.specification.version" value="1.8"/>
    <property name="os.name" value="Windows 10"/>
    <property name="user.country" value="IN"/>
    <property name="sun.java.launcher" value="SUN_STANDARD"/>
    <property name="sun.boot.library.path" value="C:\Program Files\Java\jdk1.8.0_221\jre\bin"/>
    <property name="sun.java.command" value="C:\Users\shobh\AppData\Local\Temp\surefire2821787936704334999\surefirebooter1607514961749111633.jar C:\Users\shobh\AppData\Local\Temp\surefire2821787936704334999 2021-03-22T23-54-30_244-jvmRun1 surefire1774478033710512937tmp surefire_0618698396118621196tmp"/>
    <property name="surefire.test.class.path" value="C:\Users\shobh\eclipse-workspace\CucumberProject\target\test-classes;C:\Users\shobh\eclipse-workspace\CucumberProject\target\classes;C:\Users\shobh\.m2\repository\info\cukes\cucumber-core\1.2.5\cucumber-core-1.2.5.jar;C:\Users\shobh\.m2\repository\info\cukes\cucumber-html\0.2.3\cucumber-html-0.2.3.jar;C:\Users\shobh\.m2\repository\info\cukes\cucumber-jvm-deps\1.0.5\cucumber-jvm-deps-1.0.5.jar;C:\Users\shobh\.m2\repository\info\cukes\gherkin\2.12.2\gherkin-2.12.2.jar;C:\Users\shobh\.m2\repository\info\cukes\cucumber-java\1.2.5\cucumber-java-1.2.5.jar;C:\Users\shobh\.m2\repository\junit\junit\4.12\junit-4.12.jar;C:\Users\shobh\.m2\repository\org\hamcrest\hamcrest-core\1.3\hamcrest-core-1.3.jar;C:\Users\shobh\.m2\repository\info\cukes\cucumber-junit\1.2.5\cucumber-junit-1.2.5.jar;"/>
    <property name="sun.cpu.endian" value="little"/>
    <property name="user.home" value="C:\Users\shobh"/>
    <property name="user.language" value="en"/>
    <property name="java.specification.vendor" value="Oracle Corporation"/>
    <property name="java.home" value="C:\Program Files\Java\jdk1.8.0_221\jre"/>
    <property name="basedir" value="C:\Users\shobh\eclipse-workspace\CucumberProject"/>
    <property name="file.separator" value="\"/>
    <property name="line.separator" value="&#10;"/>
    <property name="java.vm.specification.vendor" value="Oracle Corporation"/>
    <property name="java.specification.name" value="Java Platform API Specification"/>
    <property name="java.awt.graphicsenv" value="sun.awt.Win32GraphicsEnvironment"/>
    <property name="surefire.real.class.path" value="C:\Users\shobh\AppData\Local\Temp\surefire2821787936704334999\surefirebooter1607514961749111633.jar"/>
    <property name="sun.boot.class.path" value="C:\Program Files\Java\jdk1.8.0_221\jre\lib\resources.jar;C:\Program Files\Java\jdk1.8.0_221\jre\lib\rt.jar;C:\Program Files\Java\jdk1.8.0_221\jre\lib\sunrsasign.jar;C:\Program Files\Java\jdk1.8.0_221\jre\lib\jsse.jar;C:\Program Files\Java\jdk1.8.0_221\jre\lib\jce.jar;C:\Program Files\Java\jdk1.8.0_221\jre\lib\charsets.jar;C:\Program Files\Java\jdk1.8.0_221\jre\lib\jfr.jar;C:\Program Files\Java\jdk1.8.0_221\jre\classes"/>
    <property name="user.script" value=""/>
    <property name="sun.management.compiler" value="HotSpot 64-Bit Tiered Compilers"/>
    <property name="java.runtime.version" value="1.8.0_221-b11"/>
    <property name="user.name" value="shobh"/>
    <property name="path.separator" value=";"/>
    <property name="os.version" value="10.0"/>
    <property name="java.endorsed.dirs" value="C:\Program Files\Java\jdk1.8.0_221\jre\lib\endorsed"/>
    <property name="java.runtime.name" value="Java(TM) SE Runtime Environment"/>
    <property name="file.encoding" value="Cp1252"/>
    <property name="java.vm.name" value="Java HotSpot(TM) 64-Bit Server VM"/>
    <property name="localRepository" value="C:\Users\shobh\.m2\repository"/>
    <property name="java.vendor.url.bug" value="http://bugreport.sun.com/bugreport/"/>
    <property name="java.io.tmpdir" value="C:\Users\shobh\AppData\Local\Temp\"/>
    <property name="java.version" value="1.8.0_221"/>
    <property name="user.dir" value="C:\Users\shobh\eclipse-workspace\CucumberProject"/>
    <property name="os.arch" value="amd64"/>
    <property name="java.vm.specification.name" value="Java Virtual Machine Specification"/>
    <property name="java.awt.printerjob" value="sun.awt.windows.WPrinterJob"/>
    <property name="sun.os.patch.level" value=""/>
    <property name="java.library.path" value="C:\Program Files\Java\jdk1.8.0_221\jre\bin;C:\WINDOWS\Sun\Java\bin;C:\WINDOWS\system32;C:\WINDOWS;C:\Program Files (x86)\Common Files\Oracle\Java\javapath;C:\WINDOWS\system32;C:\WINDOWS;C:\WINDOWS\System32\Wbem;C:\WINDOWS\System32\WindowsPowerShell\v1.0\;C:\WINDOWS\System32\OpenSSH\;C:\Program Files (x86)\Intel\Intel(R) Management Engine Components\DAL;C:\Program Files\Intel\Intel(R) Management Engine Components\DAL;C:\Program Files\Intel\WiFi\bin\;C:\Program Files\Common Files\Intel\WirelessCommon\;C:\Program Files\Java\jdk1.8.0_221\bin;C:\Work\apache-maven-3.6.3-bin\apache-maven-3.6.3\bin;C:\Program Files\Git\cmd;C:\Program Files\MySQL\MySQL Shell 8.0\bin\;C:\Users\shobh\AppData\Local\Microsoft\WindowsApps;;."/>
    <property name="java.vm.info" value="mixed mode"/>
    <property name="java.vendor" value="Oracle Corporation"/>
    <property name="java.vm.version" value="25.221-b11"/>
    <property name="java.ext.dirs" value="C:\Program Files\Java\jdk1.8.0_221\jre\lib\ext;C:\WINDOWS\Sun\Java\lib\ext"/>
    <property name="sun.io.unicode.encoding" value="UnicodeLittle"/>
    <property name="java.class.version" value="52.0"/>
  </properties>
  <testcase name="Given User is on landing page" classname="Scenario: Home Page default Login" time="0">
    <skipped/>
    <system-out><![CDATA[Feature: Application Login
]]></system-out>
  </testcase>
  <testcase name="Given User is on landing page" classname="Scenario: Home Page default Login" time="0">
    <skipped/>
    <system-out><![CDATA[
  @WebTest
  Scenario: Home Page default Login                               # Account.feature:5
    Given User is on landing page                                 # stepDefination.user_is_on_landing_page()
    When User is login into application with "shobhit" and "1234" # stepDefination.user_is_login_into_application_with_something_and_something(String,String)
    Then Home Page is populated                                   # stepDefination.home_page_is_populated()
    And Cards displayed "true"                                    # stepDefination.cards_displayed_something(String)
]]></system-out>
  </testcase>
  <testcase name="Given User is on landing page" classname="Scenario: Home Page default Login" time="0">
    <skipped/>
    <system-out><![CDATA[
  Background:                        # Login.feature:3
    Given Validate the browser       # stepDefination.validate_the_browser()
    When Browser is triggered        # stepDefination.browser_is_triggered()
    Then check if browser is started # stepDefination.check_if_browser_is_started()
]]></system-out>
  </testcase>
  <testcase name="Given User is on landing page" classname="Scenario: Home Page default Login" time="0">
    <skipped/>
    <system-out><![CDATA[
  Background:                        # Login.feature:3
    Given Validate the browser       # stepDefination.validate_the_browser()
    When Browser is triggered        # stepDefination.browser_is_triggered()
    Then check if browser is started # stepDefination.check_if_browser_is_started()
]]></system-out>
  </testcase>
  <testcase name="Given User is on landing page" classname="Scenario: Home Page default Login" time="0">
    <skipped/>
    <system-out><![CDATA[
  Background:                        # Login.feature:3
    Given Validate the browser       # stepDefination.validate_the_browser()
    When Browser is triggered        # stepDefination.browser_is_triggered()
    Then check if browser is started # stepDefination.check_if_browser_is_started()
]]></system-out>
  </testcase>
  <testcase name="When User is login into application with &quot;shobhit&quot; and &quot;1234&quot;" classname="Scenario: Home Page default Login" time="0">
    <skipped/>
  </testcase>
  <testcase name="When User is login into application with &quot;shobhit&quot; and &quot;1234&quot;" classname="Scenario: Home Page default Login" time="0">
    <skipped/>
  </testcase>
  <testcase name="Then Home Page is populated" classname="Scenario: Home Page default Login" time="0">
    <skipped/>
  </testcase>
  <testcase name="Then Home Page is populated" classname="Scenario: Home Page default Login" time="0">
    <skipped/>
  </testcase>
  <testcase name="Then Home Page is populated" classname="Scenario: Home Page default Login" time="0">
    <skipped/>
  </testcase>
  <testcase name="Then Home Page is populated" classname="Scenario: Home Page default Login" time="0">
    <skipped/>
  </testcase>
  <testcase name="Then Home Page is populated" classname="Scenario: Home Page default Login" time="0">
    <skipped/>
  </testcase>
  <testcase name="And Cards displayed &quot;true&quot;" classname="Scenario: Home Page default Login" time="0">
    <skipped/>
  </testcase>
  <testcase name="And Cards displayed &quot;true&quot;" classname="Scenario: Home Page default Login" time="0">
    <skipped/>
  </testcase>
  <testcase name="Scenario: Home Page default Login" classname="Scenario: Home Page default Login" time="0.012"/>
  <testcase name="Scenario: Home Page default Login" classname="Scenario: Home Page default Login" time="0.055"/>
  <testcase name="Scenario: Home Page default Login" classname="Scenario: Home Page default Login" time="0.024"/>
  <testcase name="Scenario: Home Page default Login" classname="Scenario: Home Page default Login" time="0.071"/>
  <testcase name="Scenario: Home Page default Login" classname="Scenario: Home Page default Login" time="0.058"/>
  <testcase name="When User is login into application with &quot;jin&quot; and &quot;1234&quot;" classname="Scenario: Home Page default Login" time="0">
    <skipped/>
  </testcase>
  <testcase name="When User is login into application with &quot;jin&quot; and &quot;1234&quot;" classname="Scenario: Home Page default Login" time="0">
    <skipped/>
  </testcase>
  <testcase name="And Cards displayed &quot;false&quot;" classname="Scenario: Home Page default Login" time="0">
    <skipped/>
  </testcase>
  <testcase name="And Cards displayed &quot;false&quot;" classname="Scenario: Home Page default Login" time="0">
    <skipped/>
  </testcase>
  <testcase name="And Cards displayed &quot;false&quot;" classname="Scenario: Home Page default Login" time="0">
    <skipped/>
  </testcase>
  <testcase name="Given Validate the browser" classname="Scenario: Home Page default Login" time="0">
    <skipped/>
    <system-out><![CDATA[
  @MobileTest
  Scenario: Home Page default Login                           # Account.feature:12
    Given User is on landing page                             # stepDefination.user_is_on_landing_page()
    When User is login into application with "jin" and "1234" # stepDefination.user_is_login_into_application_with_something_and_something(String,String)
    Then Home Page is populated                               # stepDefination.home_page_is_populated()
    And Cards displayed "false"                               # stepDefination.cards_displayed_something(String)
Feature: Portal Login
]]></system-out>
  </testcase>
  <testcase name="Given Validate the browser" classname="Scenario: Home Page default Login" time="0">
    <skipped/>
    <system-out><![CDATA[
  @PortalTest
  Scenario: Home Page default Login                               # Login.feature:9
    Given User is on landing page                                 # stepDefination.user_is_on_landing_page()
    When User is login into application with "shobhit" and "1234" # stepDefination.user_is_login_into_application_with_something_and_something(String,String)
    Then Home Page is populated                                   # stepDefination.home_page_is_populated()
    And Cards displayed "true"                                    # stepDefination.cards_displayed_something(String)
]]></system-out>
  </testcase>
  <testcase name="Given Validate the browser" classname="Scenario: Home Page default Login" time="0">
    <skipped/>
    <system-out><![CDATA[
  @PortalTest
  Scenario Outline: Home Page default Login               # Login.feature:32
    Given User is on landing page                         # stepDefination.user_is_on_landing_page()
    When User is login in to application with xyz and 456 # stepDefination.user_is_login_in_to_application_with_and(String,String)
    Then Home Page is populated                           # stepDefination.home_page_is_populated()
    And Cards displayed "false"                           # stepDefination.cards_displayed_something(String)
]]></system-out>
  </testcase>
  <testcase name="When Browser is triggered" classname="Scenario: Home Page default Login" time="0">
    <skipped/>
  </testcase>
  <testcase name="When Browser is triggered" classname="Scenario: Home Page default Login" time="0">
    <skipped/>
  </testcase>
  <testcase name="When Browser is triggered" classname="Scenario: Home Page default Login" time="0">
    <skipped/>
  </testcase>
  <testcase name="Then check if browser is started" classname="Scenario: Home Page default Login" time="0">
    <skipped/>
  </testcase>
  <testcase name="Then check if browser is started" classname="Scenario: Home Page default Login" time="0">
    <skipped/>
  </testcase>
  <testcase name="Then check if browser is started" classname="Scenario: Home Page default Login" time="0">
    <skipped/>
  </testcase>
  <testcase name="Given Validate the browser" classname="| abc | 123 |" time="0">
    <skipped/>
    <system-out><![CDATA[
  @PortalTest
  Scenario: Home Page default Login                           # Login.feature:16
    Given User is on landing page                             # stepDefination.user_is_on_landing_page()
    When User is login into application with "jin" and "1234" # stepDefination.user_is_login_into_application_with_something_and_something(String,String)
    Then Home Page is populated                               # stepDefination.home_page_is_populated()
    And Cards displayed "false"                               # stepDefination.cards_displayed_something(String)

  @PortalTest
  Scenario Outline: Home Page default Login                             # Login.feature:23
    Given User is on landing page
    When User is login in to application with <username> and <password>
    Then Home Page is populated
    And Cards displayed "false"

    Examples: 
]]></system-out>
  </testcase>
  <testcase name="When Browser is triggered" classname="| abc | 123 |" time="0">
    <skipped/>
  </testcase>
  <testcase name="Then check if browser is started" classname="| abc | 123 |" time="0">
    <skipped/>
  </testcase>
  <testcase name="Given User is on landing page" classname="| abc | 123 |" time="0">
    <skipped/>
    <system-out><![CDATA[
  Background:                        # Login.feature:3
    Given Validate the browser       # stepDefination.validate_the_browser()
    When Browser is triggered        # stepDefination.browser_is_triggered()
    Then check if browser is started # stepDefination.check_if_browser_is_started()
]]></system-out>
  </testcase>
  <testcase name="When User is login in to application with abc and 123" classname="| abc | 123 |" time="0">
    <skipped/>
  </testcase>
  <testcase name="Then Home Page is populated" classname="| abc | 123 |" time="0">
    <skipped/>
  </testcase>
  <testcase name="And Cards displayed &quot;false&quot;" classname="| abc | 123 |" time="0">
    <skipped/>
  </testcase>
  <testcase name="| abc | 123 |" classname="| abc | 123 |" time="0.018"/>
  <testcase name="Given Validate the browser" classname="| xyz | 456 |" time="0">
    <skipped/>
    <system-out><![CDATA[
  @PortalTest
  Scenario Outline: Home Page default Login               # Login.feature:31
    Given User is on landing page                         # stepDefination.user_is_on_landing_page()
    When User is login in to application with abc and 123 # stepDefination.user_is_login_in_to_application_with_and(String,String)
    Then Home Page is populated                           # stepDefination.home_page_is_populated()
    And Cards displayed "false"                           # stepDefination.cards_displayed_something(String)
]]></system-out>
  </testcase>
  <testcase name="When Browser is triggered" classname="| xyz | 456 |" time="0">
    <skipped/>
  </testcase>
  <testcase name="Then check if browser is started" classname="| xyz | 456 |" time="0">
    <skipped/>
  </testcase>
  <testcase name="Given User is on landing page" classname="| xyz | 456 |" time="0">
    <skipped/>
    <system-out><![CDATA[
  Background:                        # Login.feature:3
    Given Validate the browser       # stepDefination.validate_the_browser()
    When Browser is triggered        # stepDefination.browser_is_triggered()
    Then check if browser is started # stepDefination.check_if_browser_is_started()
]]></system-out>
  </testcase>
  <testcase name="When User is login in to application with xyz and 456" classname="| xyz | 456 |" time="0">
    <skipped/>
  </testcase>
  <testcase name="Then Home Page is populated" classname="| xyz | 456 |" time="0">
    <skipped/>
  </testcase>
  <testcase name="And Cards displayed &quot;false&quot;" classname="| xyz | 456 |" time="0">
    <skipped/>
  </testcase>
  <testcase name="| xyz | 456 |" classname="| xyz | 456 |" time="0.065"/>
  <testcase name="When User sign up with following details" classname="Scenario: Home Page default Login" time="0">
    <skipped/>
  </testcase>
</testsuite>